Using pre-set license
Built from '2020.3/release' branch; Version is '2020.3.7f1 (dd97f2c94397) revision 14522354'; Using compiler version '192528614'; Build Type 'Release'
OS: 'Windows 10 Pro; OS build 19042.985; Version 2009; 64bit' Language: 'en' Physical Memory: 7345 MB
BatchMode: 1, IsHumanControllingUs: 0, StartBugReporterOnCrash: 0, Is64bit: 1, IsPro: 0

 COMMAND LINE ARGUMENTS:
C:\Program Files\Unity\Hub\Editor\2020.3.7f1\Editor\Unity.exe
-adb2
-batchMode
-noUpm
-name
AssetImportWorker7
-projectPath
C:/git repos/nanorebellion/unity/New Unity Project
-logFile
Logs/AssetImportWorker7.log
-srvPort
62944
Successfully changed project path to: C:/git repos/nanorebellion/unity/New Unity Project
C:/git repos/nanorebellion/unity/New Unity Project
Using Asset Import Pipeline V2.
Refreshing native plugins compatible for Editor in 305.56 ms, found 1 plugins.
Preloading 0 native plugins for Editor in 0.00 ms.
Initialize engine version: 2020.3.7f1 (dd97f2c94397)
[Subsystems] Discovering subsystems at path C:/Program Files/Unity/Hub/Editor/2020.3.7f1/Editor/Data/Resources/UnitySubsystems
[Subsystems] Discovering subsystems at path C:/git repos/nanorebellion/unity/New Unity Project/Assets
GfxDevice: creating device client; threaded=0
Direct3D:
    Version:  Direct3D 11.0 [level 11.0]
    Renderer: AMD Radeon HD 7620G (ID=0x9907)
    Vendor:   
    VRAM:     750 MB
    Driver:   15.201.1151.1008
Initialize mono
Mono path[0] = 'C:/Program Files/Unity/Hub/Editor/2020.3.7f1/Editor/Data/Managed'
Mono path[1] = 'C:/Program Files/Unity/Hub/Editor/2020.3.7f1/Editor/Data/MonoBleedingEdge/lib/mono/unityjit'
Mono config path = 'C:/Program Files/Unity/Hub/Editor/2020.3.7f1/Editor/Data/MonoBleedingEdge/etc'
Using monoOptions --debugger-agent=transport=dt_socket,embedding=1,server=y,suspend=n,address=127.0.0.1:56032
Begin MonoManager ReloadAssembly
Registering precompiled unity dll's ...
Register platform support module: C:/Program Files/Unity/Hub/Editor/2020.3.7f1/Editor/Data/PlaybackEngines/MacStandaloneSupport/UnityEditor.OSXStandalone.Extensions.dll
Register platform support module: C:/Program Files/Unity/Hub/Editor/2020.3.7f1/Editor/Data/PlaybackEngines/WindowsStandaloneSupport/UnityEditor.WindowsStandalone.Extensions.dll
Registered in 0.007740 seconds.
Native extension for WindowsStandalone target not found
Native extension for OSXStandalone target not found
Refreshing native plugins compatible for Editor in 306.64 ms, found 1 plugins.
Preloading 0 native plugins for Editor in 0.00 ms.
Mono: successfully reloaded assembly
- Completed reload, in  8.101 seconds
Platform modules already initialized, skipping
Registering precompiled user dll's ...
Registered in 0.004002 seconds.
Begin MonoManager ReloadAssembly
Native extension for WindowsStandalone target not found
Native extension for OSXStandalone target not found
Refreshing native plugins compatible for Editor in 162.62 ms, found 1 plugins.
Preloading 0 native plugins for Editor in 0.00 ms.
Mono: successfully reloaded assembly
- Completed reload, in  4.318 seconds
Platform modules already initialized, skipping
========================================================================
Worker process is ready to serve import requests
Launched and connected shader compiler UnityShaderCompiler.exe after 0.21 seconds
Refreshing native plugins compatible for Editor in 2.48 ms, found 1 plugins.
Preloading 0 native plugins for Editor in 0.00 ms.
Unloading 1808 Unused Serialized files (Serialized files now loaded: 0)
System memory in use before: 85.0 MB.
System memory in use after: 85.0 MB.

Unloading 24 unused Assets to reduce memory usage. Loaded Objects now: 2250.
Total: 6.304000 ms (FindLiveObjects: 0.717900 ms CreateObjectMapping: 0.281800 ms MarkObjects: 4.893400 ms  DeleteObjects: 0.406600 ms)

========================================================================
Received Import Request.
  path: Assets/tileset32bit_6.asset
  artifactKey: Guid(533c8dac2eac63c40bbdab89781778bd) Importer(815301076,1909f56bfc062723c751e8b465ee728b)
Start importing Assets/tileset32bit_6.asset using Guid(533c8dac2eac63c40bbdab89781778bd) Importer(815301076,1909f56bfc062723c751e8b465ee728b)  -> (artifact id: '454717ce85c62e706a6d40c671eae8e3') in 0.402143 seconds
  Import took 0.416844 seconds .

========================================================================
Received Import Request.
  Time since last request: 0.000521 seconds.
  path: Assets/tileset32bit_27.asset
  artifactKey: Guid(7cb32410d28193e428040684c7497705) Importer(815301076,1909f56bfc062723c751e8b465ee728b)
Start importing Assets/tileset32bit_27.asset using Guid(7cb32410d28193e428040684c7497705) Importer(815301076,1909f56bfc062723c751e8b465ee728b)  -> (artifact id: 'a106e175e5a566500b8a1684881c2766') in 0.092887 seconds
  Import took 0.111141 seconds .

========================================================================
Received Import Request.
  Time since last request: 0.002642 seconds.
  path: Assets/tileset32bit_24.asset
  artifactKey: Guid(bd974f8c060c36743a8df722f5a8640f) Importer(815301076,1909f56bfc062723c751e8b465ee728b)
Start importing Assets/tileset32bit_24.asset using Guid(bd974f8c060c36743a8df722f5a8640f) Importer(815301076,1909f56bfc062723c751e8b465ee728b)  -> (artifact id: 'ad990acb555b0ff14fec61e8ee3b19d8') in 0.099276 seconds
  Import took 0.116302 seconds .

========================================================================
Received Import Request.
  Time since last request: 0.000696 seconds.
  path: Assets/tileset32bit_2.asset
  artifactKey: Guid(c259baec650786745be702bd155a09c9) Importer(815301076,1909f56bfc062723c751e8b465ee728b)
Start importing Assets/tileset32bit_2.asset using Guid(c259baec650786745be702bd155a09c9) Importer(815301076,1909f56bfc062723c751e8b465ee728b)  -> (artifact id: 'fe9b31a5d16065c1d4007547e09fb567') in 0.087895 seconds
  Import took 0.103418 seconds .

========================================================================
Received Import Request.
  Time since last request: 0.001015 seconds.
  path: Assets/tileset32bit_9.asset
  artifactKey: Guid(b612d042003baca44b058aaf41f99f94) Importer(815301076,1909f56bfc062723c751e8b465ee728b)
Start importing Assets/tileset32bit_9.asset using Guid(b612d042003baca44b058aaf41f99f94) Importer(815301076,1909f56bfc062723c751e8b465ee728b)  -> (artifact id: '8a906fbd46da610c24b10b2c5e3ae161') in 0.087832 seconds
  Import took 0.105150 seconds .

========================================================================
Received Import Request.
  Time since last request: 0.000685 seconds.
  path: Assets/tileset32bit_15.asset
  artifactKey: Guid(a1327dff9f8933b469c62fc3abaa131c) Importer(815301076,1909f56bfc062723c751e8b465ee728b)
Start importing Assets/tileset32bit_15.asset using Guid(a1327dff9f8933b469c62fc3abaa131c) Importer(815301076,1909f56bfc062723c751e8b465ee728b)  -> (artifact id: 'f29eefade8de9860627f1bec15ce7dac') in 0.099551 seconds
  Import took 0.146581 seconds .

========================================================================
Received Import Request.
  Time since last request: 0.000808 seconds.
  path: Assets/tileset32bit_0.asset
  artifactKey: Guid(4dace4e2be1303343909eceb28607a3f) Importer(815301076,1909f56bfc062723c751e8b465ee728b)
Start importing Assets/tileset32bit_0.asset using Guid(4dace4e2be1303343909eceb28607a3f) Importer(815301076,1909f56bfc062723c751e8b465ee728b)  -> (artifact id: '67de0fae730ee19441b37c7789ebf4e9') in 0.066601 seconds
  Import took 0.080510 seconds .

========================================================================
Received Import Request.
  Time since last request: 0.000622 seconds.
  path: Assets/tileset32bit_5.asset
  artifactKey: Guid(94e6b02c9e28cf24eb8f6eced4f0ac65) Importer(815301076,1909f56bfc062723c751e8b465ee728b)
Start importing Assets/tileset32bit_5.asset using Guid(94e6b02c9e28cf24eb8f6eced4f0ac65) Importer(815301076,1909f56bfc062723c751e8b465ee728b)  -> (artifact id: '53748dfed66d3f5db7d4bb3e88073061') in 0.153728 seconds
  Import took 0.167774 seconds .

========================================================================
Received Import Request.
  Time since last request: 0.001019 seconds.
  path: Assets/tileset32bit_13.asset
  artifactKey: Guid(ce195d4ac0d39be4d87d8fb3c71a545f) Importer(815301076,1909f56bfc062723c751e8b465ee728b)
Start importing Assets/tileset32bit_13.asset using Guid(ce195d4ac0d39be4d87d8fb3c71a545f) Importer(815301076,1909f56bfc062723c751e8b465ee728b)  -> (artifact id: 'f6a1b6bceb34c1dfd9ecb913cd0acc3d') in 0.070160 seconds
  Import took 0.082735 seconds .

========================================================================
Received Import Request.
  Time since last request: 0.000978 seconds.
  path: Assets/tileset32bit_14.asset
  artifactKey: Guid(b5b078313af37884c96a1e37e012639d) Importer(815301076,1909f56bfc062723c751e8b465ee728b)
Start importing Assets/tileset32bit_14.asset using Guid(b5b078313af37884c96a1e37e012639d) Importer(815301076,1909f56bfc062723c751e8b465ee728b)  -> (artifact id: '2368bbe5a85cd253ddc3964eac581a99') in 0.193661 seconds
  Import took 0.210934 seconds .

========================================================================
Received Import Request.
  Time since last request: 0.000675 seconds.
  path: Assets/tileset32bit_21.asset
  artifactKey: Guid(f65d7a21bf7f74741b190bc2e5e09b5b) Importer(815301076,1909f56bfc062723c751e8b465ee728b)
Start importing Assets/tileset32bit_21.asset using Guid(f65d7a21bf7f74741b190bc2e5e09b5b) Importer(815301076,1909f56bfc062723c751e8b465ee728b)  -> (artifact id: '5d9083ce4aa042b2dd338dcaa63a9667') in 0.077380 seconds
  Import took 0.093068 seconds .

========================================================================
Received Import Request.
  Time since last request: 0.000877 seconds.
  path: Assets/tileset32bit_12.asset
  artifactKey: Guid(1320802720018914da38733747618716) Importer(815301076,1909f56bfc062723c751e8b465ee728b)
Start importing Assets/tileset32bit_12.asset using Guid(1320802720018914da38733747618716) Importer(815301076,1909f56bfc062723c751e8b465ee728b)  -> (artifact id: 'e6cdf9415eba9c66c33967402683f532') in 0.138379 seconds
  Import took 0.156223 seconds .

========================================================================
Received Import Request.
  Time since last request: 0.000706 seconds.
  path: Assets/tileset32bit_19.asset
  artifactKey: Guid(ac83e0c595e7f1a488c95a594273a30d) Importer(815301076,1909f56bfc062723c751e8b465ee728b)
Start importing Assets/tileset32bit_19.asset using Guid(ac83e0c595e7f1a488c95a594273a30d) Importer(815301076,1909f56bfc062723c751e8b465ee728b)  -> (artifact id: 'ff8fb785d94c6ee92517700133c6c866') in 0.079624 seconds
  Import took 0.108134 seconds .

========================================================================
Received Import Request.
  Time since last request: 0.000637 seconds.
  path: Assets/tileset32bit_8.asset
  artifactKey: Guid(16de5a53b3117af4ab2315d7143ccfe1) Importer(815301076,1909f56bfc062723c751e8b465ee728b)
Start importing Assets/tileset32bit_8.asset using Guid(16de5a53b3117af4ab2315d7143ccfe1) Importer(815301076,1909f56bfc062723c751e8b465ee728b)  -> (artifact id: 'c572dd4cd75970c07d67dea77e4fe2da') in 0.060654 seconds
  Import took 0.076689 seconds .

========================================================================
Received Import Request.
  Time since last request: 0.000721 seconds.
  path: Assets/tileset32bit_20.asset
  artifactKey: Guid(d87c555fadcb0b24d9e20f5c4579b820) Importer(815301076,1909f56bfc062723c751e8b465ee728b)
Start importing Assets/tileset32bit_20.asset using Guid(d87c555fadcb0b24d9e20f5c4579b820) Importer(815301076,1909f56bfc062723c751e8b465ee728b)  -> (artifact id: '4d254025b8ff62cd673a7a5ebd00b397') in 0.059828 seconds
  Import took 0.079249 seconds .

========================================================================
Received Import Request.
  Time since last request: 0.000686 seconds.
  path: Assets/tileset32bit_4.asset
  artifactKey: Guid(c80c92e27f880eb43b832f003d5ca772) Importer(815301076,1909f56bfc062723c751e8b465ee728b)
Start importing Assets/tileset32bit_4.asset using Guid(c80c92e27f880eb43b832f003d5ca772) Importer(815301076,1909f56bfc062723c751e8b465ee728b)  -> (artifact id: 'cfdbef20f93a291ea91b6184dc2624e3') in 0.123317 seconds
  Import took 0.139774 seconds .

========================================================================
Received Import Request.
  Time since last request: 0.000720 seconds.
  path: Assets/tileset32bit_26.asset
  artifactKey: Guid(85e6b13f6bb4ea04ea9f33c540c29367) Importer(815301076,1909f56bfc062723c751e8b465ee728b)
Start importing Assets/tileset32bit_26.asset using Guid(85e6b13f6bb4ea04ea9f33c540c29367) Importer(815301076,1909f56bfc062723c751e8b465ee728b)  -> (artifact id: 'f082087afea474e46abbd8fa372f4311') in 0.094041 seconds
  Import took 0.107352 seconds .

========================================================================
Received Import Request.
  Time since last request: 0.019102 seconds.
  path: Assets/tileset32bit_29.asset
  artifactKey: Guid(ad6701be24ebea54893b6f7fee4e2338) Importer(815301076,1909f56bfc062723c751e8b465ee728b)
Start importing Assets/tileset32bit_29.asset using Guid(ad6701be24ebea54893b6f7fee4e2338) Importer(815301076,1909f56bfc062723c751e8b465ee728b)  -> (artifact id: 'e4f62de5b2fcc0e982ff811f03f7c730') in 0.147220 seconds
  Import took 0.165625 seconds .

========================================================================
Received Import Request.
  Time since last request: 0.000566 seconds.
  path: Assets/tileset32bit_7.asset
  artifactKey: Guid(357565c1e57032a42a7e3b93efc1c85b) Importer(815301076,1909f56bfc062723c751e8b465ee728b)
Start importing Assets/tileset32bit_7.asset using Guid(357565c1e57032a42a7e3b93efc1c85b) Importer(815301076,1909f56bfc062723c751e8b465ee728b)  -> (artifact id: '693f1080505516b97f667a70785a6658') in 0.090476 seconds
  Import took 0.140875 seconds .

========================================================================
Received Import Request.
  Time since last request: 0.000694 seconds.
  path: Assets/tileset32bit_10.asset
  artifactKey: Guid(d1e25bb4d81b05a49ae4d45243e84408) Importer(815301076,1909f56bfc062723c751e8b465ee728b)
Start importing Assets/tileset32bit_10.asset using Guid(d1e25bb4d81b05a49ae4d45243e84408) Importer(815301076,1909f56bfc062723c751e8b465ee728b)  -> (artifact id: '88af006ea8eec1c28083359d135ee154') in 0.068747 seconds
  Import took 0.083505 seconds .

========================================================================
Received Import Request.
  Time since last request: 0.005217 seconds.
  path: Assets/tileset32bit_17.asset
  artifactKey: Guid(c05011dfbc93c1a459472b5bb45cd6cd) Importer(815301076,1909f56bfc062723c751e8b465ee728b)
Start importing Assets/tileset32bit_17.asset using Guid(c05011dfbc93c1a459472b5bb45cd6cd) Importer(815301076,1909f56bfc062723c751e8b465ee728b)  -> (artifact id: '99a6405fe43cd81d2024b3306c9fe966') in 0.077039 seconds
  Import took 0.102088 seconds .

========================================================================
Received Import Request.
  Time since last request: 0.000481 seconds.
  path: Assets/tileset32bit_22.asset
  artifactKey: Guid(4ad25a89bff1a0d41b246209c444e047) Importer(815301076,1909f56bfc062723c751e8b465ee728b)
Start importing Assets/tileset32bit_22.asset using Guid(4ad25a89bff1a0d41b246209c444e047) Importer(815301076,1909f56bfc062723c751e8b465ee728b)  -> (artifact id: '20f69f3063717a422a708bef7694e1ae') in 0.172686 seconds
  Import took 0.191367 seconds .

========================================================================
Received Import Request.
  Time since last request: 0.001440 seconds.
  path: Assets/tileset32bit_25.asset
  artifactKey: Guid(3debe4c87bb8d484099f0d65cc958a9a) Importer(815301076,1909f56bfc062723c751e8b465ee728b)
Start importing Assets/tileset32bit_25.asset using Guid(3debe4c87bb8d484099f0d65cc958a9a) Importer(815301076,1909f56bfc062723c751e8b465ee728b)  -> (artifact id: 'c546c7ceb557ade0f84c18c7b442569b') in 0.086882 seconds
  Import took 0.100464 seconds .

========================================================================
Received Import Request.
  Time since last request: 0.000812 seconds.
  path: Assets/tileset32bit_23.asset
  artifactKey: Guid(9d1b84eb03e7e8348af9cc0cd0825f1a) Importer(815301076,1909f56bfc062723c751e8b465ee728b)
Start importing Assets/tileset32bit_23.asset using Guid(9d1b84eb03e7e8348af9cc0cd0825f1a) Importer(815301076,1909f56bfc062723c751e8b465ee728b)  -> (artifact id: 'f6c3a8a36943ce6f06143940ec29cd57') in 0.071994 seconds
  Import took 0.085459 seconds .

========================================================================
Received Import Request.
  Time since last request: 0.000832 seconds.
  path: Assets/tileset32bit_28.asset
  artifactKey: Guid(47ae7df70eebf0e428f38bc47fdeebc0) Importer(815301076,1909f56bfc062723c751e8b465ee728b)
Start importing Assets/tileset32bit_28.asset using Guid(47ae7df70eebf0e428f38bc47fdeebc0) Importer(815301076,1909f56bfc062723c751e8b465ee728b)  -> (artifact id: '9878dfeb8e07a8e19dcf40b9fe844485') in 0.121589 seconds
  Import took 0.136573 seconds .

========================================================================
Received Import Request.
  Time since last request: 0.000935 seconds.
  path: Assets/tileset32bit_11.asset
  artifactKey: Guid(1f490a12ac563cb459e574156b46e6be) Importer(815301076,1909f56bfc062723c751e8b465ee728b)
Start importing Assets/tileset32bit_11.asset using Guid(1f490a12ac563cb459e574156b46e6be) Importer(815301076,1909f56bfc062723c751e8b465ee728b)  -> (artifact id: '5fb50a932ea55c89b2dbc7e3bb988056') in 0.071143 seconds
  Import took 0.083968 seconds .

========================================================================
Received Import Request.
  Time since last request: 0.000922 seconds.
  path: Assets/tileset32bit_3.asset
  artifactKey: Guid(8057a081b010fbf47b545129e524b6c1) Importer(815301076,1909f56bfc062723c751e8b465ee728b)
Start importing Assets/tileset32bit_3.asset using Guid(8057a081b010fbf47b545129e524b6c1) Importer(815301076,1909f56bfc062723c751e8b465ee728b)  -> (artifact id: '6bbad2a36cf2d02394fae95880d2daed') in 0.085341 seconds
  Import took 0.101752 seconds .

========================================================================
Received Import Request.
  Time since last request: 0.000705 seconds.
  path: Assets/tileset32bit_1.asset
  artifactKey: Guid(6fa9d535622b7ed40b7623ec4781a22d) Importer(815301076,1909f56bfc062723c751e8b465ee728b)
Start importing Assets/tileset32bit_1.asset using Guid(6fa9d535622b7ed40b7623ec4781a22d) Importer(815301076,1909f56bfc062723c751e8b465ee728b)  -> (artifact id: 'e773abac32b51fbcb1eefc84a321e0f2') in 0.073062 seconds
  Import took 0.086426 seconds .

========================================================================
Received Import Request.
  Time since last request: 0.000740 seconds.
  path: Assets/tileset32bit_18.asset
  artifactKey: Guid(04e9e33e2ee837b4aa0c5395008192d7) Importer(815301076,1909f56bfc062723c751e8b465ee728b)
Start importing Assets/tileset32bit_18.asset using Guid(04e9e33e2ee837b4aa0c5395008192d7) Importer(815301076,1909f56bfc062723c751e8b465ee728b)  -> (artifact id: 'aeb7aec418b76771defb8dfd870098fe') in 0.070093 seconds
  Import took 0.086961 seconds .

========================================================================
Received Import Request.
  Time since last request: 0.000659 seconds.
  path: Assets/tileset32bit_16.asset
  artifactKey: Guid(df10f8112f4d6604abec836c0bc8df07) Importer(815301076,1909f56bfc062723c751e8b465ee728b)
Start importing Assets/tileset32bit_16.asset using Guid(df10f8112f4d6604abec836c0bc8df07) Importer(815301076,1909f56bfc062723c751e8b465ee728b)  -> (artifact id: '2747eafaad669ca0fad5452b7484ba79') in 0.089072 seconds
  Import took 0.106691 seconds .

