Using pre-set license
Built from '2020.3/release' branch; Version is '2020.3.7f1 (dd97f2c94397) revision 14522354'; Using compiler version '192528614'; Build Type 'Release'
OS: 'Windows 10 Pro; OS build 19042.985; Version 2009; 64bit' Language: 'en' Physical Memory: 7345 MB
BatchMode: 1, IsHumanControllingUs: 0, StartBugReporterOnCrash: 0, Is64bit: 1, IsPro: 0

 COMMAND LINE ARGUMENTS:
C:\Program Files\Unity\Hub\Editor\2020.3.7f1\Editor\Unity.exe
-adb2
-batchMode
-noUpm
-name
AssetImportWorker3
-projectPath
C:/git repos/nanorebellion/unity/New Unity Project
-logFile
Logs/AssetImportWorker3.log
-srvPort
61191
Successfully changed project path to: C:/git repos/nanorebellion/unity/New Unity Project
C:/git repos/nanorebellion/unity/New Unity Project
Using Asset Import Pipeline V2.
Refreshing native plugins compatible for Editor in 227.20 ms, found 1 plugins.
Preloading 0 native plugins for Editor in 0.00 ms.
Initialize engine version: 2020.3.7f1 (dd97f2c94397)
[Subsystems] Discovering subsystems at path C:/Program Files/Unity/Hub/Editor/2020.3.7f1/Editor/Data/Resources/UnitySubsystems
[Subsystems] Discovering subsystems at path C:/git repos/nanorebellion/unity/New Unity Project/Assets
GfxDevice: creating device client; threaded=0
Direct3D:
    Version:  Direct3D 11.0 [level 11.0]
    Renderer: AMD Radeon HD 7620G (ID=0x9907)
    Vendor:   
    VRAM:     750 MB
    Driver:   15.201.1151.1008
Initialize mono
Mono path[0] = 'C:/Program Files/Unity/Hub/Editor/2020.3.7f1/Editor/Data/Managed'
Mono path[1] = 'C:/Program Files/Unity/Hub/Editor/2020.3.7f1/Editor/Data/MonoBleedingEdge/lib/mono/unityjit'
Mono config path = 'C:/Program Files/Unity/Hub/Editor/2020.3.7f1/Editor/Data/MonoBleedingEdge/etc'
Using monoOptions --debugger-agent=transport=dt_socket,embedding=1,server=y,suspend=n,address=127.0.0.1:56832
Begin MonoManager ReloadAssembly
Registering precompiled unity dll's ...
Register platform support module: C:/Program Files/Unity/Hub/Editor/2020.3.7f1/Editor/Data/PlaybackEngines/MacStandaloneSupport/UnityEditor.OSXStandalone.Extensions.dll
Register platform support module: C:/Program Files/Unity/Hub/Editor/2020.3.7f1/Editor/Data/PlaybackEngines/WindowsStandaloneSupport/UnityEditor.WindowsStandalone.Extensions.dll
Registered in 0.015570 seconds.
Native extension for WindowsStandalone target not found
Native extension for OSXStandalone target not found
Refreshing native plugins compatible for Editor in 204.35 ms, found 1 plugins.
Preloading 0 native plugins for Editor in 0.00 ms.
Mono: successfully reloaded assembly
- Completed reload, in 11.348 seconds
Platform modules already initialized, skipping
Registering precompiled user dll's ...
Registered in 0.005366 seconds.
Begin MonoManager ReloadAssembly
Native extension for WindowsStandalone target not found
Native extension for OSXStandalone target not found
Refreshing native plugins compatible for Editor in 198.98 ms, found 1 plugins.
Preloading 0 native plugins for Editor in 0.00 ms.
Mono: successfully reloaded assembly
- Completed reload, in  8.156 seconds
Platform modules already initialized, skipping
========================================================================
Worker process is ready to serve import requests
Launched and connected shader compiler UnityShaderCompiler.exe after 0.38 seconds
Refreshing native plugins compatible for Editor in 2.28 ms, found 1 plugins.
Preloading 0 native plugins for Editor in 0.00 ms.
Unloading 1808 Unused Serialized files (Serialized files now loaded: 0)
System memory in use before: 85.0 MB.
System memory in use after: 85.0 MB.

Unloading 24 unused Assets to reduce memory usage. Loaded Objects now: 2250.
Total: 14.086700 ms (FindLiveObjects: 1.608200 ms CreateObjectMapping: 0.265700 ms MarkObjects: 11.324900 ms  DeleteObjects: 0.883500 ms)

========================================================================
Received Import Request.
  path: Assets/tileset32bit_30.asset
  artifactKey: Guid(bf87970e2b599014c94d7b1657a26d48) Importer(815301076,1909f56bfc062723c751e8b465ee728b)
Start importing Assets/tileset32bit_30.asset using Guid(bf87970e2b599014c94d7b1657a26d48) Importer(815301076,1909f56bfc062723c751e8b465ee728b)  -> (artifact id: 'efd4095991613e094a41d05e264ec19d') in 0.587985 seconds
  Import took 0.602008 seconds .

========================================================================
Received Import Request.
  Time since last request: 0.000736 seconds.
  path: Assets/tileset32bit_31.asset
  artifactKey: Guid(f4da556236b7f2044a91ba363ea71312) Importer(815301076,1909f56bfc062723c751e8b465ee728b)
Start importing Assets/tileset32bit_31.asset using Guid(f4da556236b7f2044a91ba363ea71312) Importer(815301076,1909f56bfc062723c751e8b465ee728b)  -> (artifact id: '69a2886dc2b28d6b7ec2a08c4bfc5c57') in 0.165960 seconds
  Import took 0.190850 seconds .

========================================================================
Received Import Request.
  Time since last request: 0.000779 seconds.
  path: Assets/tileset32bit_32.asset
  artifactKey: Guid(d01040098e066eb4682556301fb173bd) Importer(815301076,1909f56bfc062723c751e8b465ee728b)
Start importing Assets/tileset32bit_32.asset using Guid(d01040098e066eb4682556301fb173bd) Importer(815301076,1909f56bfc062723c751e8b465ee728b)  -> (artifact id: '88bc30d5e30c33fac67c241613bffc9b') in 0.133103 seconds
  Import took 0.148310 seconds .

