Using pre-set license
Built from '2020.3/release' branch; Version is '2020.3.7f1 (dd97f2c94397) revision 14522354'; Using compiler version '192528614'; Build Type 'Release'
OS: 'Windows 10 Pro; OS build 19042.985; Version 2009; 64bit' Language: 'en' Physical Memory: 7345 MB
BatchMode: 1, IsHumanControllingUs: 0, StartBugReporterOnCrash: 0, Is64bit: 1, IsPro: 0

 COMMAND LINE ARGUMENTS:
C:\Program Files\Unity\Hub\Editor\2020.3.7f1\Editor\Unity.exe
-adb2
-batchMode
-noUpm
-name
AssetImportWorker0
-projectPath
C:/git repos/nanorebellion/unity/New Unity Project
-logFile
Logs/AssetImportWorker0.log
-srvPort
63359
Successfully changed project path to: C:/git repos/nanorebellion/unity/New Unity Project
C:/git repos/nanorebellion/unity/New Unity Project
Using Asset Import Pipeline V2.
Refreshing native plugins compatible for Editor in 157.13 ms, found 1 plugins.
Preloading 0 native plugins for Editor in 0.00 ms.
Initialize engine version: 2020.3.7f1 (dd97f2c94397)
[Subsystems] Discovering subsystems at path C:/Program Files/Unity/Hub/Editor/2020.3.7f1/Editor/Data/Resources/UnitySubsystems
[Subsystems] Discovering subsystems at path C:/git repos/nanorebellion/unity/New Unity Project/Assets
GfxDevice: creating device client; threaded=0
Direct3D:
    Version:  Direct3D 11.0 [level 11.0]
    Renderer: AMD Radeon HD 7620G (ID=0x9907)
    Vendor:   
    VRAM:     750 MB
    Driver:   15.201.1151.1008
Initialize mono
Mono path[0] = 'C:/Program Files/Unity/Hub/Editor/2020.3.7f1/Editor/Data/Managed'
Mono path[1] = 'C:/Program Files/Unity/Hub/Editor/2020.3.7f1/Editor/Data/MonoBleedingEdge/lib/mono/unityjit'
Mono config path = 'C:/Program Files/Unity/Hub/Editor/2020.3.7f1/Editor/Data/MonoBleedingEdge/etc'
Using monoOptions --debugger-agent=transport=dt_socket,embedding=1,server=y,suspend=n,address=127.0.0.1:56068
Begin MonoManager ReloadAssembly
Registering precompiled unity dll's ...
Register platform support module: C:/Program Files/Unity/Hub/Editor/2020.3.7f1/Editor/Data/PlaybackEngines/MacStandaloneSupport/UnityEditor.OSXStandalone.Extensions.dll
Register platform support module: C:/Program Files/Unity/Hub/Editor/2020.3.7f1/Editor/Data/PlaybackEngines/WindowsStandaloneSupport/UnityEditor.WindowsStandalone.Extensions.dll
Registered in 0.010812 seconds.
Native extension for WindowsStandalone target not found
Native extension for OSXStandalone target not found
Refreshing native plugins compatible for Editor in 114.75 ms, found 1 plugins.
Preloading 0 native plugins for Editor in 0.00 ms.
Mono: successfully reloaded assembly
- Completed reload, in  7.591 seconds
Platform modules already initialized, skipping
Registering precompiled user dll's ...
Registered in 0.004070 seconds.
Begin MonoManager ReloadAssembly
Native extension for WindowsStandalone target not found
Native extension for OSXStandalone target not found
Refreshing native plugins compatible for Editor in 111.16 ms, found 1 plugins.
Preloading 0 native plugins for Editor in 0.00 ms.
Mono: successfully reloaded assembly
- Completed reload, in  3.509 seconds
Platform modules already initialized, skipping
========================================================================
Worker process is ready to serve import requests
Launched and connected shader compiler UnityShaderCompiler.exe after 0.17 seconds
Refreshing native plugins compatible for Editor in 1.13 ms, found 1 plugins.
Preloading 0 native plugins for Editor in 0.00 ms.
Unloading 1808 Unused Serialized files (Serialized files now loaded: 0)
System memory in use before: 85.0 MB.
System memory in use after: 85.0 MB.

Unloading 24 unused Assets to reduce memory usage. Loaded Objects now: 2250.
Total: 6.852200 ms (FindLiveObjects: 0.609400 ms CreateObjectMapping: 0.135400 ms MarkObjects: 5.708600 ms  DeleteObjects: 0.395100 ms)

========================================================================
Received Import Request.
  path: Assets/Scenes
  artifactKey: Guid(2ec845db4ec786c48a4bb4397d3a1e1a) Importer(815301076,1909f56bfc062723c751e8b465ee728b)
Start importing Assets/Scenes using Guid(2ec845db4ec786c48a4bb4397d3a1e1a) Importer(815301076,1909f56bfc062723c751e8b465ee728b)  -> (artifact id: '574b3f40226ab1ee2bdc6ac6bda3cacb') in 0.036436 seconds
  Import took 0.051031 seconds .

========================================================================
Received Import Request.
  Time since last request: 0.000479 seconds.
  path: Assets
  artifactKey: Guid(00000000000000001000000000000000) Importer(815301076,1909f56bfc062723c751e8b465ee728b)
Start importing Assets using Guid(00000000000000001000000000000000) Importer(815301076,1909f56bfc062723c751e8b465ee728b)  -> (artifact id: '5f6a1853b736837ecfb0820a881449cb') in 0.028568 seconds
  Import took 0.041935 seconds .

========================================================================
Received Import Request.
  Time since last request: 15.605180 seconds.
  path: Assets/assets
  artifactKey: Guid(19f0df929ea3ed943a33e3d11e9dca81) Importer(815301076,1909f56bfc062723c751e8b465ee728b)
Start importing Assets/assets using Guid(19f0df929ea3ed943a33e3d11e9dca81) Importer(815301076,1909f56bfc062723c751e8b465ee728b)  -> (artifact id: '60703c7195bba7f178f2e6ce40ef6e89') in 0.025399 seconds
  Import took 0.034084 seconds .

========================================================================
Received Import Request.
  Time since last request: 6.334552 seconds.
  path: Assets/assets 1
  artifactKey: Guid(7b256560b3cf15541be08265d5956112) Importer(815301076,1909f56bfc062723c751e8b465ee728b)
Start importing Assets/assets 1 using Guid(7b256560b3cf15541be08265d5956112) Importer(815301076,1909f56bfc062723c751e8b465ee728b)  -> (artifact id: '226434497e946dbaec91ecc0d3258f5e') in 0.026389 seconds
  Import took 0.037778 seconds .

========================================================================
Received Import Request.
  Time since last request: 11.121446 seconds.
  path: Assets/script
  artifactKey: Guid(7b256560b3cf15541be08265d5956112) Importer(815301076,1909f56bfc062723c751e8b465ee728b)
Start importing Assets/script using Guid(7b256560b3cf15541be08265d5956112) Importer(815301076,1909f56bfc062723c751e8b465ee728b)  -> (artifact id: 'bc343bf96938adc235c049180b733da5') in 0.026855 seconds
  Import took 0.037791 seconds .

========================================================================
Received Import Request.
  Time since last request: 38.938471 seconds.
  path: Assets/script/BossStateMachine.cs
  artifactKey: Guid(80845813a04b9b5489002cf657adeb92) Importer(815301076,1909f56bfc062723c751e8b465ee728b)
Start importing Assets/script/BossStateMachine.cs using Guid(80845813a04b9b5489002cf657adeb92) Importer(815301076,1909f56bfc062723c751e8b465ee728b)  -> (artifact id: 'ac8203a01e2d10790f96eaef3dbe1afb') in 0.128583 seconds
  Import took 0.138584 seconds .

========================================================================
Received Prepare
Registering precompiled user dll's ...
Registered in 0.004976 seconds.
Begin MonoManager ReloadAssembly
Native extension for WindowsStandalone target not found
Native extension for OSXStandalone target not found
Refreshing native plugins compatible for Editor in 0.90 ms, found 1 plugins.
Preloading 0 native plugins for Editor in 0.00 ms.
Mono: successfully reloaded assembly
- Completed reload, in  2.781 seconds
Platform modules already initialized, skipping
Refreshing native plugins compatible for Editor in 1.21 ms, found 1 plugins.
Preloading 0 native plugins for Editor in 0.00 ms.
Unloading 1804 Unused Serialized files (Serialized files now loaded: 0)
System memory in use before: 85.0 MB.
System memory in use after: 85.0 MB.

Unloading 12 unused Assets to reduce memory usage. Loaded Objects now: 2255.
Total: 6.858700 ms (FindLiveObjects: 0.662500 ms CreateObjectMapping: 0.175400 ms MarkObjects: 5.661400 ms  DeleteObjects: 0.356000 ms)

AssetImportWorkerClient::OnTransportError - code=2 error=End of file
